2021-04-30 16:56:23.852 [main] INFO  com.xdcplus.xdcweb.XdcWebApplicationTests - Starting XdcWebApplicationTests using Java 11.0.6 on DESKTOP-U89BREH with PID 40628 (started by Fish.Fei in D:\test\netty-agv\netty-service)
2021-04-30 16:56:23.855 [main] INFO  com.xdcplus.xdcweb.XdcWebApplicationTests - The following profiles are active: dev
2021-04-30 16:56:23.882 [background-preinit] INFO  org.hibernate.validator.internal.util.Version - HV000001: Hibernate Validator 6.2.0.Final
2021-04-30 16:56:27.609 [main] INFO  o.s.d.r.config.RepositoryConfigurationDelegate - Multiple Spring Data modules found, entering strict repository configuration mode!
2021-04-30 16:56:27.621 [main] INFO  o.s.d.r.config.RepositoryConfigurationDelegate - Bootstrapping Spring Data Redis repositories in DEFAULT mode.
2021-04-30 16:56:27.737 [main] INFO  o.s.d.r.config.RepositoryConfigurationDelegate - Finished Spring Data repository scanning in 72 ms. Found 0 Redis repository interfaces.
2021-04-30 16:56:28.099 [main] WARN  org.mybatis.spring.mapper.ClassPathMapperScanner - No MyBatis mapper was found in '[com.xdcplus.xdcweb.basics.mapper]' package. Please check your configuration.
2021-04-30 16:56:28.595 [main] INFO  o.s.c.s.PostProcessorRegistrationDelegate$BeanPostProcessorChecker - Bean 'validConfig' of type [com.xdcplus.xdcweb.global.config.ValidConfig$$EnhancerBySpringCGLIB$$6fdb578b] is not eligible for getting processed by all BeanPostProcessors (for example: not eligible for auto-proxying)
2021-04-30 16:56:28.687 [main] INFO  o.s.c.s.PostProcessorRegistrationDelegate$BeanPostProcessorChecker - Bean 'validator' of type [org.hibernate.validator.internal.engine.ValidatorImpl] is not eligible for getting processed by all BeanPostProcessors (for example: not eligible for auto-proxying)
2021-04-30 16:56:28.932 [main] INFO  o.s.c.s.PostProcessorRegistrationDelegate$BeanPostProcessorChecker - Bean 'executorConfig' of type [com.xdcplus.xdcweb.global.config.ExecutorConfig$$EnhancerBySpringCGLIB$$524f6092] is not eligible for getting processed by all BeanPostProcessors (for example: not eligible for auto-proxying)
2021-04-30 16:56:29.764 [main] INFO  o.s.c.s.PostProcessorRegistrationDelegate$BeanPostProcessorChecker - Bean 'spring.redis-org.springframework.boot.autoconfigure.data.redis.RedisProperties' of type [org.springframework.boot.autoconfigure.data.redis.RedisProperties] is not eligible for getting processed by all BeanPostProcessors (for example: not eligible for auto-proxying)
2021-04-30 16:56:29.781 [main] INFO  o.s.c.s.PostProcessorRegistrationDelegate$BeanPostProcessorChecker - Bean 'org.springframework.boot.autoconfigure.data.redis.LettuceConnectionConfiguration' of type [org.springframework.boot.autoconfigure.data.redis.LettuceConnectionConfiguration] is not eligible for getting processed by all BeanPostProcessors (for example: not eligible for auto-proxying)
2021-04-30 16:56:30.152 [main] INFO  o.s.c.s.PostProcessorRegistrationDelegate$BeanPostProcessorChecker - Bean 'lettuceClientResources' of type [io.lettuce.core.resource.DefaultClientResources] is not eligible for getting processed by all BeanPostProcessors (for example: not eligible for auto-proxying)
2021-04-30 16:56:30.496 [main] INFO  o.s.c.s.PostProcessorRegistrationDelegate$BeanPostProcessorChecker - Bean 'redisConnectionFactory' of type [org.springframework.data.redis.connection.lettuce.LettuceConnectionFactory] is not eligible for getting processed by all BeanPostProcessors (for example: not eligible for auto-proxying)
2021-04-30 16:56:30.519 [main] INFO  o.s.c.s.PostProcessorRegistrationDelegate$BeanPostProcessorChecker - Bean 'spring.cache-org.springframework.boot.autoconfigure.cache.CacheProperties' of type [org.springframework.boot.autoconfigure.cache.CacheProperties] is not eligible for getting processed by all BeanPostProcessors (for example: not eligible for auto-proxying)
2021-04-30 16:56:30.528 [main] INFO  o.s.c.s.PostProcessorRegistrationDelegate$BeanPostProcessorChecker - Bean 'redisConfig' of type [com.xdcplus.xdcweb.global.config.RedisConfig$$EnhancerBySpringCGLIB$$79dbb6aa] is not eligible for getting processed by all BeanPostProcessors (for example: not eligible for auto-proxying)
2021-04-30 16:56:33.500 [main] INFO  o.s.scheduling.concurrent.ThreadPoolTaskExecutor - Initializing ExecutorService 'executor'
2021-04-30 16:56:35.552 [main] INFO  o.s.scheduling.concurrent.ThreadPoolTaskScheduler - Initializing ExecutorService
2021-04-30 16:56:35.595 [main] INFO  o.s.scheduling.concurrent.ThreadPoolTaskScheduler - Initializing ExecutorService 'taskScheduler'
2021-04-30 16:56:36.423 [main] INFO  s.d.s.w.PropertySourcedRequestMappingHandlerMapping - Mapped URL path [/v2/api-docs] onto method [springfox.documentation.swagger2.web.Swagger2Controller#getDocumentation(String, HttpServletRequest)]
2021-04-30 16:56:37.482 [main] INFO  c.a.d.s.b.a.DruidDataSourceAutoConfigure - Init DruidDataSource
2021-04-30 16:56:38.762 [main] INFO  com.alibaba.druid.pool.DruidDataSource - {dataSource-1} inited
2021-04-30 16:56:42.274 [main] INFO  s.d.s.web.plugins.DocumentationPluginsBootstrapper - Context refreshed
2021-04-30 16:56:42.357 [main] INFO  s.d.s.web.plugins.DocumentationPluginsBootstrapper - Found 1 custom documentation plugin(s)
2021-04-30 16:56:42.522 [main] INFO  s.d.spring.web.scanners.ApiListingReferenceScanner - Scanning for api listing references
2021-04-30 16:56:42.619 [main] INFO  com.xdcplus.xdcweb.XdcWebApplicationTests - Started XdcWebApplicationTests in 20.689 seconds (JVM running for 25.685)
2021-04-30 16:56:42.627 [main] INFO  com.xdcplus.xdcweb.XdcWebApplicationRunner - XdcWebApplicationRunner start ... 
2021-04-30 16:56:45.208 [SpringContextShutdownHook] INFO  com.alibaba.druid.pool.DruidDataSource - {dataSource-1} closing ...
2021-04-30 16:56:45.232 [SpringContextShutdownHook] INFO  com.alibaba.druid.pool.DruidDataSource - {dataSource-1} closed
2021-04-30 16:56:45.235 [SpringContextShutdownHook] INFO  o.s.scheduling.concurrent.ThreadPoolTaskScheduler - Shutting down ExecutorService 'taskScheduler'
2021-04-30 16:56:45.241 [SpringContextShutdownHook] INFO  o.s.scheduling.concurrent.ThreadPoolTaskExecutor - Shutting down ExecutorService 'executor'
2021-04-30 16:56:45.305 [SpringContextShutdownHook] WARN  o.s.beans.factory.support.DisposableBeanAdapter - Destroy method 'shutdown' on bean with name 'lettuceClientResources' threw an exception: java.lang.NoSuchMethodError: 'void io.netty.util.concurrent.PromiseCombiner.<init>(io.netty.util.concurrent.EventExecutor)'
